<?xml version="1.0" encoding="UTF-8"?>
<testng-results ignored="0" total="1" passed="1" failed="0" skipped="0">
  <reporter-output>
  </reporter-output>
  <suite started-at="2021-11-02T03:30:38 IST" name="Suite" finished-at="2021-11-02T03:30:46 IST" duration-ms="8525">
    <groups>
    </groups>
    <test started-at="2021-11-02T03:30:38 IST" name="Test" finished-at="2021-11-02T03:30:46 IST" duration-ms="8525">
      <class name="com.Project_TestCases.LoginAppservice">
        <test-method is-config="true" signature="setupsuite()[pri:0, instance:com.Project_TestCases.LoginAppservice@65c7a252]" started-at="2021-11-02T03:30:38 IST" name="setupsuite" finished-at="2021-11-02T03:30:38 IST" duration-ms="7" status="PASS">
          <reporter-output>
          </reporter-output>
        </test-method> <!-- setupsuite -->
        <test-method is-config="true" signature="statbrowser()[pri:0, instance:com.Project_TestCases.LoginAppservice@65c7a252]" started-at="2021-11-02T03:30:38 IST" name="statbrowser" finished-at="2021-11-02T03:30:44 IST" duration-ms="5836" status="PASS">
          <reporter-output>
          </reporter-output>
        </test-method> <!-- statbrowser -->
        <test-method signature="verify_validlogin(java.lang.String,java.lang.String)[pri:0, instance:com.Project_TestCases.LoginAppservice@65c7a252]" started-at="2021-11-02T03:30:44 IST" name="verify_validlogin" finished-at="2021-11-02T03:30:46 IST" duration-ms="2518" status="PASS">
          <params>
            <param index="0">
              <value>
                <![CDATA[qatrainer]]>
              </value>
            </param>
            <param index="1">
              <value>
                <![CDATA[admin123]]>
              </value>
            </param>
          </params>
          <reporter-output>
          </reporter-output>
        </test-method> <!-- verify_validlogin -->
        <test-method is-config="true" signature="fail_step(org.testng.ITestResult)[pri:0, instance:com.Project_TestCases.LoginAppservice@65c7a252]" started-at="2021-11-02T03:30:46 IST" name="fail_step" finished-at="2021-11-02T03:30:46 IST" duration-ms="2" status="PASS">
          <params>
            <param index="0">
              <value>
                <![CDATA[[TestResult name=verify_validlogin status=SUCCESS method=LoginAppservice.verify_validlogin(java.lang.String,java.lang.String)[pri:0, instance:com.Project_TestCases.LoginAppservice@65c7a252] output={null}]]]>
              </value>
            </param>
          </params>
          <reporter-output>
          </reporter-output>
        </test-method> <!-- fail_step -->
        <test-method is-config="true" signature="closetest()[pri:0, instance:com.Project_TestCases.LoginAppservice@65c7a252]" started-at="2021-11-02T03:30:46 IST" name="closetest" finished-at="2021-11-02T03:30:46 IST" duration-ms="98" status="PASS">
          <reporter-output>
          </reporter-output>
        </test-method> <!-- closetest -->
      </class> <!-- com.Project_TestCases.LoginAppservice -->
    </test> <!-- Test -->
  </suite> <!-- Suite -->
</testng-results>
